<?xml version="1.0" encoding="UTF-8"?>
<testng-results ignored="8" total="18" passed="10" failed="0" skipped="0">
  <reporter-output>
  </reporter-output>
  <suite started-at="2024-04-05T23:54:16 IST" name="Suite" finished-at="2024-04-05T23:55:59 IST" duration-ms="103605">
    <groups>
    </groups>
    <test started-at="2024-04-05T23:54:16 IST" name="Test" finished-at="2024-04-05T23:55:59 IST" duration-ms="103605">
      <class name="ProjectTestCases.Login">
        <test-method is-config="true" signature="extendreportgenerate()[pri:0, instance:ProjectTestCases.Login@67d48005]" started-at="2024-04-05T23:54:15 IST" name="extendreportgenerate" finished-at="2024-04-05T23:54:16 IST" duration-ms="245" status="PASS">
          <reporter-output>
          </reporter-output>
        </test-method> <!-- extendreportgenerate -->
        <test-method is-config="true" signature="beforeTest(java.lang.String,java.lang.String)[pri:0, instance:ProjectTestCases.Login@67d48005]" started-at="2024-04-05T23:54:16 IST" name="beforeTest" finished-at="2024-04-05T23:54:26 IST" duration-ms="10123" status="PASS">
          <params>
            <param index="0">
              <value>
                <![CDATA[Chrome]]>
              </value>
            </param>
            <param index="1">
              <value>
                <![CDATA[https://qalegend.com/billing/public/home]]>
              </value>
            </param>
          </params>
          <reporter-output>
          </reporter-output>
        </test-method> <!-- beforeTest -->
        <test-method signature="invalidLogin(java.lang.String,java.lang.String)[pri:1, instance:ProjectTestCases.Login@67d48005]" started-at="2024-04-05T23:54:26 IST" name="invalidLogin" description="Verify that user is not able to login with invalid credentials" data-provider="data-provider" finished-at="2024-04-05T23:54:27 IST" duration-ms="969" status="PASS">
          <params>
            <param index="0">
              <value>
                <![CDATA[admin]]>
              </value>
            </param>
            <param index="1">
              <value>
                <![CDATA[123456A]]>
              </value>
            </param>
          </params>
          <reporter-output>
          </reporter-output>
        </test-method> <!-- invalidLogin -->
        <test-method signature="Login()[pri:2, instance:ProjectTestCases.Login@67d48005]" started-at="2024-04-05T23:54:27 IST" name="Login" description="Verify that user is able to login with valid credentials" finished-at="2024-04-05T23:54:32 IST" duration-ms="4762" status="PASS">
          <reporter-output>
          </reporter-output>
        </test-method> <!-- Login -->
        <test-method is-config="true" signature="afterTest()[pri:0, instance:ProjectTestCases.Login@67d48005]" started-at="2024-04-05T23:55:59 IST" name="afterTest" finished-at="2024-04-05T23:55:59 IST" duration-ms="1" status="PASS">
          <reporter-output>
          </reporter-output>
        </test-method> <!-- afterTest -->
        <test-method is-config="true" signature="closereport()[pri:0, instance:ProjectTestCases.Login@67d48005]" started-at="2024-04-05T23:55:59 IST" name="closereport" finished-at="2024-04-05T23:56:00 IST" duration-ms="319" status="PASS">
          <reporter-output>
          </reporter-output>
        </test-method> <!-- closereport -->
      </class> <!-- ProjectTestCases.Login -->
      <class name="ProjectTestCases.Category">
        <test-method is-config="true" signature="beforeTest()[pri:0, instance:ProjectTestCases.Category@2a798d51]" started-at="2024-04-05T23:54:16 IST" name="beforeTest" finished-at="2024-04-05T23:54:16 IST" duration-ms="0" status="PASS">
          <reporter-output>
          </reporter-output>
        </test-method> <!-- beforeTest -->
        <test-method signature="addCategory()[pri:5, instance:ProjectTestCases.Category@2a798d51]" started-at="2024-04-05T23:54:32 IST" name="addCategory" description="Verify that user is able to add Category" finished-at="2024-04-05T23:54:50 IST" duration-ms="18211" status="PASS">
          <reporter-output>
          </reporter-output>
        </test-method> <!-- addCategory -->
        <test-method signature="searchCategory()[pri:6, instance:ProjectTestCases.Category@2a798d51]" started-at="2024-04-05T23:54:50 IST" name="searchCategory" description="Verify that user is able to search Category" finished-at="2024-04-05T23:55:04 IST" duration-ms="14437" status="PASS">
          <reporter-output>
          </reporter-output>
        </test-method> <!-- searchCategory -->
        <test-method is-config="true" signature="afterTest()[pri:0, instance:ProjectTestCases.Category@2a798d51]" started-at="2024-04-05T23:55:59 IST" name="afterTest" finished-at="2024-04-05T23:55:59 IST" duration-ms="0" status="PASS">
          <reporter-output>
          </reporter-output>
        </test-method> <!-- afterTest -->
      </class> <!-- ProjectTestCases.Category -->
      <class name="ProjectTestCases.Brand">
        <test-method is-config="true" signature="beforeTest()[pri:0, instance:ProjectTestCases.Brand@6b81ce95]" started-at="2024-04-05T23:54:16 IST" name="beforeTest" finished-at="2024-04-05T23:54:16 IST" duration-ms="5" status="PASS">
          <reporter-output>
          </reporter-output>
        </test-method> <!-- beforeTest -->
        <test-method signature="addBrand()[pri:3, instance:ProjectTestCases.Brand@6b81ce95]" started-at="2024-04-05T23:54:26 IST" name="addBrand" description="Verify that user is able to add Brand" finished-at="2024-04-05T23:54:39 IST" duration-ms="13099" status="PASS">
          <reporter-output>
          </reporter-output>
        </test-method> <!-- addBrand -->
        <test-method signature="searchBrand()[pri:4, instance:ProjectTestCases.Brand@6b81ce95]" started-at="2024-04-05T23:54:39 IST" name="searchBrand" description="Verify that user is able to search a Brand" finished-at="2024-04-05T23:54:46 IST" duration-ms="7223" status="PASS">
          <reporter-output>
          </reporter-output>
        </test-method> <!-- searchBrand -->
        <test-method is-config="true" signature="afterTest()[pri:0, instance:ProjectTestCases.Brand@6b81ce95]" started-at="2024-04-05T23:55:59 IST" name="afterTest" finished-at="2024-04-05T23:55:59 IST" duration-ms="0" status="PASS">
          <reporter-output>
          </reporter-output>
        </test-method> <!-- afterTest -->
      </class> <!-- ProjectTestCases.Brand -->
      <class name="ProjectTestCases.Product">
        <test-method is-config="true" signature="beforeTest()[pri:0, instance:ProjectTestCases.Product@515aebb0]" started-at="2024-04-05T23:54:26 IST" name="beforeTest" finished-at="2024-04-05T23:54:26 IST" duration-ms="1" status="PASS">
          <reporter-output>
          </reporter-output>
        </test-method> <!-- beforeTest -->
        <test-method signature="addProduct()[pri:9, instance:ProjectTestCases.Product@515aebb0]" started-at="2024-04-05T23:55:04 IST" name="addProduct" description="Verify that user is able to navigate to Product UI" finished-at="2024-04-05T23:55:44 IST" duration-ms="39565" status="PASS">
          <reporter-output>
          </reporter-output>
        </test-method> <!-- addProduct -->
        <test-method signature="searchProduct()[pri:10, instance:ProjectTestCases.Product@515aebb0]" started-at="2024-04-05T23:55:44 IST" name="searchProduct" description="Verify that user is able to search Product" finished-at="2024-04-05T23:55:59 IST" duration-ms="15289" status="PASS">
          <reporter-output>
          </reporter-output>
        </test-method> <!-- searchProduct -->
        <test-method is-config="true" signature="afterTest()[pri:0, instance:ProjectTestCases.Product@515aebb0]" started-at="2024-04-05T23:55:59 IST" name="afterTest" finished-at="2024-04-05T23:55:59 IST" duration-ms="178" status="PASS">
          <reporter-output>
          </reporter-output>
        </test-method> <!-- afterTest -->
      </class> <!-- ProjectTestCases.Product -->
      <class name="ProjectTestCases.Unit">
        <test-method is-config="true" signature="beforeTest()[pri:0, instance:ProjectTestCases.Unit@37afeb11]" started-at="2024-04-05T23:54:26 IST" name="beforeTest" finished-at="2024-04-05T23:54:26 IST" duration-ms="0" status="PASS">
          <reporter-output>
          </reporter-output>
        </test-method> <!-- beforeTest -->
        <test-method signature="addUnit()[pri:7, instance:ProjectTestCases.Unit@37afeb11]" started-at="2024-04-05T23:54:46 IST" name="addUnit" description="Verify that user is able to add Unit" finished-at="2024-04-05T23:55:05 IST" duration-ms="19047" status="PASS">
          <reporter-output>
          </reporter-output>
        </test-method> <!-- addUnit -->
        <test-method signature="searchUnit()[pri:8, instance:ProjectTestCases.Unit@37afeb11]" started-at="2024-04-05T23:55:05 IST" name="searchUnit" description="Verify that user is able to search Unit" finished-at="2024-04-05T23:55:21 IST" duration-ms="15395" status="PASS">
          <reporter-output>
          </reporter-output>
        </test-method> <!-- searchUnit -->
        <test-method is-config="true" signature="afterTest()[pri:0, instance:ProjectTestCases.Unit@37afeb11]" started-at="2024-04-05T23:55:59 IST" name="afterTest" finished-at="2024-04-05T23:55:59 IST" duration-ms="0" status="PASS">
          <reporter-output>
          </reporter-output>
        </test-method> <!-- afterTest -->
      </class> <!-- ProjectTestCases.Unit -->
    </test> <!-- Test -->
  </suite> <!-- Suite -->
</testng-results>
