<?xml version="1.0" encoding="UTF-8"?>
<!-- Generated by org.testng.reporters.JUnitXMLReporter -->
<testsuite ignored="8" hostname="Aarush" failures="0" tests="10" name="Test" time="103.605" errors="0" timestamp="2024-04-05T23:55:59 IST">
  <testcase classname="ProjectTestCases.Login" name="invalidLogin" time="0.969"/>
  <testcase classname="ProjectTestCases.Login" name="Login" time="4.762"/>
  <testcase classname="ProjectTestCases.Brand" name="addBrand" time="13.099"/>
  <testcase classname="ProjectTestCases.Brand" name="searchBrand" time="7.223"/>
  <testcase classname="ProjectTestCases.Category" name="addCategory" time="18.211"/>
  <testcase classname="ProjectTestCases.Category" name="searchCategory" time="14.437"/>
  <testcase classname="ProjectTestCases.Unit" name="addUnit" time="19.047"/>
  <testcase classname="ProjectTestCases.Unit" name="searchUnit" time="15.395"/>
  <testcase classname="ProjectTestCases.Product" name="addProduct" time="39.565"/>
  <testcase classname="ProjectTestCases.Product" name="searchProduct" time="15.289"/>
  <testcase classname="ExtendReport.ExtentTestManager" name="@BeforeSuite extendreportgenerate" time="0.0">
    <ignored/>
  </testcase> <!-- @BeforeSuite extendreportgenerate -->
  <testcase classname="ExtendReport.ExtentTestManager" name="@BeforeSuite extendreportgenerate" time="0.0">
    <ignored/>
  </testcase> <!-- @BeforeSuite extendreportgenerate -->
  <testcase classname="ExtendReport.ExtentTestManager" name="@BeforeSuite extendreportgenerate" time="0.0">
    <ignored/>
  </testcase> <!-- @BeforeSuite extendreportgenerate -->
  <testcase classname="ExtendReport.ExtentTestManager" name="@BeforeSuite extendreportgenerate" time="0.0">
    <ignored/>
  </testcase> <!-- @BeforeSuite extendreportgenerate -->
  <testcase classname="ExtendReport.ExtentTestManager" name="@AfterSuite closereport" time="0.0">
    <ignored/>
  </testcase> <!-- @AfterSuite closereport -->
  <testcase classname="ExtendReport.ExtentTestManager" name="@AfterSuite closereport" time="0.0">
    <ignored/>
  </testcase> <!-- @AfterSuite closereport -->
  <testcase classname="ExtendReport.ExtentTestManager" name="@AfterSuite closereport" time="0.0">
    <ignored/>
  </testcase> <!-- @AfterSuite closereport -->
  <testcase classname="ExtendReport.ExtentTestManager" name="@AfterSuite closereport" time="0.0">
    <ignored/>
  </testcase> <!-- @AfterSuite closereport -->
</testsuite> <!-- Test -->
