<?xml version="1.0" encoding="UTF-8"?>
<!-- Generated by org.testng.reporters.JUnitXMLReporter -->
<testsuite ignored="8" hostname="Aarush" failures="0" tests="10" name="Test" time="103.128" errors="0" timestamp="2024-04-06T16:28:00 IST">
  <testcase classname="ProjectTestCases.Login" name="invalidLogin" time="0.931"/>
  <testcase classname="ProjectTestCases.Login" name="Login" time="4.663"/>
  <testcase classname="ProjectTestCases.Brand" name="addBrand" time="13.134"/>
  <testcase classname="ProjectTestCases.Brand" name="searchBrand" time="8.201"/>
  <testcase classname="ProjectTestCases.Category" name="addCategory" time="19.21"/>
  <testcase classname="ProjectTestCases.Category" name="searchCategory" time="14.198"/>
  <testcase classname="ProjectTestCases.Unit" name="addUnit" time="18.65"/>
  <testcase classname="ProjectTestCases.Unit" name="searchUnit" time="15.198"/>
  <testcase classname="ProjectTestCases.Product" name="addProduct" time="37.979"/>
  <testcase classname="ProjectTestCases.Product" name="searchProduct" time="15.221"/>
  <testcase classname="ExtendReport.ExtentTestManager" name="@BeforeSuite extendreportgenerate" time="0.0">
    <ignored/>
  </testcase> <!-- @BeforeSuite extendreportgenerate -->
  <testcase classname="ExtendReport.ExtentTestManager" name="@BeforeSuite extendreportgenerate" time="0.0">
    <ignored/>
  </testcase> <!-- @BeforeSuite extendreportgenerate -->
  <testcase classname="ExtendReport.ExtentTestManager" name="@BeforeSuite extendreportgenerate" time="0.0">
    <ignored/>
  </testcase> <!-- @BeforeSuite extendreportgenerate -->
  <testcase classname="ExtendReport.ExtentTestManager" name="@BeforeSuite extendreportgenerate" time="0.0">
    <ignored/>
  </testcase> <!-- @BeforeSuite extendreportgenerate -->
  <testcase classname="ExtendReport.ExtentTestManager" name="@AfterSuite closereport" time="0.0">
    <ignored/>
  </testcase> <!-- @AfterSuite closereport -->
  <testcase classname="ExtendReport.ExtentTestManager" name="@AfterSuite closereport" time="0.0">
    <ignored/>
  </testcase> <!-- @AfterSuite closereport -->
  <testcase classname="ExtendReport.ExtentTestManager" name="@AfterSuite closereport" time="0.0">
    <ignored/>
  </testcase> <!-- @AfterSuite closereport -->
  <testcase classname="ExtendReport.ExtentTestManager" name="@AfterSuite closereport" time="0.0">
    <ignored/>
  </testcase> <!-- @AfterSuite closereport -->
</testsuite> <!-- Test -->
